xxx  Base            Not on TC DB
xxx  Batch           Not in TC DB
ds   Calendars
ds   Categories
de   Fields
ma   Filter
     GUI
de   Guidelines
ds   Locks
     Options
     Personal Items
de   Print
ma   PRLINK
ma   Projects
     Repo Mgmt
     Repository Admin
     Resource Assin.
ds   Resources
     Search
     Services
     System Defaults
     System Users
     Time Periods
     Timesheet Sum.
ma   To Do List
ma   Tracking
     Utilities
     Views
xxx  API
xxx  Boundary
xxx  Connect
xxx  Data Model
xxx  Database
xxx  Desktop Ed
xxx  Globalization
xxx  Help
xxx  Lic. Mgmt
xxx  Linked App
xxx  Localization
xxx  MPX
xxx  Notes
xxx  Protocol
xxx  System Log
xxx  Timer
xxx  Upgrade
xxx  Year 2000
