9/23/99	9:50 PM		Mark Atkinson	PII400    Extracting Zip file from stub file, C:\DOWNLOAD NEW\NEW FROM ABT\SDAT4044.EXE.
9/23/99	9:50 PM		Mark Atkinson	PII400    Performing self validation ...
9/23/99	9:50 PM		Mark Atkinson	PII400    Retrieving file, NAISCRIP.NSC from zip file.
9/23/99	9:50 PM		Mark Atkinson	PII400    Loading and parsing script file : C:\WINDOWS\TEMP\4E38\NAISCRIP.NSC
9/23/99	9:50 PM		Mark Atkinson	PII400    Searching for all Installed VirusScan products.
9/23/99	9:50 PM		Mark Atkinson	PII400    Verifying settings to proceed.
9/23/99	9:50 PM		Mark Atkinson	PII400    Verifying settings to proceed.
9/23/99	9:50 PM		Mark Atkinson	PII400    Verifying settings to proceed.
9/23/99	9:50 PM		Mark Atkinson	PII400    Closing application...VirusScanConsoleWindowClass.
9/23/99	9:50 PM		Mark Atkinson	PII400    Closing application...NAI_VS_STAT.
9/23/99	9:50 PM		Mark Atkinson	PII400    Closing application...McAfeeWebScanX.
9/23/99	9:50 PM		Mark Atkinson	PII400    Closing application...VshieldWin_Class.
9/23/99	9:50 PM		Mark Atkinson	PII400    Installing Anti-Virus files...
9/23/99	9:50 PM		Mark Atkinson	PII400    Retrieving file, SCAN.DAT from zip file.
9/23/99	9:50 PM		Mark Atkinson	PII400    File C:\Program Files\Network Associates\McAfee VirusScan\SCAN.DAT will be replaced on reboot.
9/23/99	9:50 PM		Mark Atkinson	PII400    Retrieving file, NAMES.DAT from zip file.
9/23/99	9:50 PM		Mark Atkinson	PII400    File C:\Program Files\Network Associates\McAfee VirusScan\NAMES.DAT will be replaced on reboot.
9/23/99	9:50 PM		Mark Atkinson	PII400    Retrieving file, CLEAN.DAT from zip file.
9/23/99	9:50 PM		Mark Atkinson	PII400    File C:\Program Files\Network Associates\McAfee VirusScan\CLEAN.DAT will be replaced on reboot.
9/23/99	9:50 PM		Mark Atkinson	PII400    Retrieving file, Internet.DAT from zip file.
9/23/99	9:50 PM		Mark Atkinson	PII400    File C:\Program Files\Network Associates\McAfee VirusScan\Internet.DAT will be replaced on reboot.
9/23/99	9:50 PM		Mark Atkinson	PII400    Retrieving file, SDATPACK.LST from zip file.
9/23/99	9:50 PM		Mark Atkinson	PII400    File C:\Program Files\Network Associates\McAfee VirusScan\SDATPACK.LST will be replaced on reboot.
9/23/99	9:50 PM		Mark Atkinson	PII400    Starting application...AVCONSOL.EXE.
9/23/99	9:50 PM		Mark Atkinson	PII400    Starting application...VSHWIN32.EXE.
9/23/99	9:50 PM		Mark Atkinson	PII400    Starting application...WEBSCANX.EXE.
9/23/99	9:50 PM		Mark Atkinson	PII400    Deleting...C:\WINDOWS\TEMP\NAI20A0.TMP
9/23/99	9:50 PM		Mark Atkinson	PII400    Deleting...C:\WINDOWS\TEMP\4E38
9/23/99	9:50 PM		Mark Atkinson	PII400    Update process is successful.
9/23/99	9:50 PM		Mark Atkinson	PII400    Restarting Windows...
