
Searching ZIP: CIS385XX.ZIP

 Length  Method   Size  Ratio   Date    Time    Name
 ------  ------   ----- -----   ----    ----   ----
    661  Implode    352  47%  12-09-92  18:15  ./385/A3/AUTOARRY.CC
    864  Implode    455  48%  12-03-92  22:22  ./385/A3/AUTOARRY.H
    920  Implode    441  53%  12-03-92  22:22  ./385/A3/CHARARRY.CC     XXX
   2175  Implode    970  56%  12-09-92  18:25  ./385/A3/BUNCH.CC
   1027  Implode    579  44%  12-09-92  17:29  ./385/A3/BUNCH.H
    585  Implode    324  45%  12-03-92  22:22  ./385/A3/CHARARRY.H      XXX
     57  Shrunk      54   6%  12-03-92  22:22  ./385/A3/CHRARAST.CC     XXX
    456  Implode    299  35%  12-03-92  22:22  ./385/A3/CHRARAST.H      XXX
   1139  Implode    369  68%  12-03-92  22:22  ./385/A3/SAFARY.CC
    173  Shrunk     151  13%  12-03-92  22:22  ./385/A3/ERROR.CC
     91  Shrunk      86   6%  12-03-92  22:22  ./385/A3/ERROR.H
    104  Shrunk      99   5%  12-03-92  22:22  ./385/A3/MYTYPES.H       XXX
   1117  Implode    569  50%  12-09-92  17:35  ./385/A3/ORDBUNCH.CC
    964  Implode    471  52%  12-03-92  22:22  ./385/A3/ORDBUNCH.H
   1278  Implode    535  59%  12-03-92  22:22  ./385/A3/SAFARY.H
   1780  Implode    567  69%  12-03-92  22:22  ./385/A3/UNSFARY.CC
   1195  Implode    522  57%  12-03-92  22:22  ./385/A3/SEQUENCE.CC     XXX
    489  Implode    341  31%  12-03-92  22:22  ./385/A3/SEQUENCE.H      XXX
   2856  Implode   1065  63%  12-09-92  18:15  ./385/A3/SET.CC
   1538  Implode    660  58%  12-03-92  22:22  ./385/A3/SET.H
   1215  Implode    441  64%  12-03-92  22:22  ./385/A3/TEMPTEST.CC
   1531  Implode    715  54%  12-03-92  22:22  ./385/A3/UNSFARY.H
    324  Implode    243  25%  12-09-92  19:14  ./385/A3/MAKEFILE
   5103  Implode   1899  63%  12-03-92  22:23  ./385/A3/ASSN
   3320  Implode    501  85%  12-09-92  19:23  ./385/A3/.MAK
    919  Implode    548  41%  12-03-92  22:22  ./385/A3/ASSIGN.V2
   1779  Implode    596  67%  12-09-92  19:23  ./385/A3/ASIGN3.CC
    152  Implode     84  45%  12-09-92  19:17  ./385/A3/.NSE
    418  Implode    306  27%  12-23-92  07:30  ./385/WKDIR/MAKEFILE
   1846  Implode    734  61%  12-20-92  00:36  ./385/WKDIR/SEQ.CC
    762  Implode    446  42%  12-04-92  11:30  ./385/WKDIR/ARRAY.H
   1627  Implode    642  61%  12-04-92  11:45  ./385/WKDIR/SET.CC
    933  Implode    488  48%  12-04-92  11:31  ./385/WKDIR/AUTOARRA.H
   6117  Implode    705  89%  03-25-93  19:27  ./385/WKDIR/.MAK
   1787  Implode    572  68%  12-04-92  12:12  ./385/WKDIR/UNSAFEAR.CC
    502  Implode    272  46%  12-04-92  11:37  ./385/WKDIR/COMPTHIN.H
    744  Implode    406  46%  12-04-92  11:29  ./385/WKDIR/ARRAY.CC
    135  Shrunk     119  12%  12-04-92  11:33  ./385/WKDIR/CHARACTE.CC
    914  Implode    443  52%  12-04-92  11:36  ./385/WKDIR/COMPLEX.H
    325  Shrunk     249  24%  12-04-92  11:37  ./385/WKDIR/EQTHING.H
    511  Implode    326  37%  12-04-92  11:42  ./385/WKDIR/ORDBUNCH.CC
     45  Stored      45   0%  12-04-92  11:37  ./385/WKDIR/EQTHING.CC
     91  Shrunk      86   6%  12-04-92  12:15  ./385/WKDIR/ERROR.H
    104  Shrunk      99   5%  12-03-92  22:40  ./385/WKDIR/MYTYPES.H
    553  Implode    294  47%  12-04-92  11:30  ./385/WKDIR/AUTOARRA.CC
   1298  Implode    546  58%  12-04-92  12:20  ./385/WKDIR/SAFEARRA.H
    716  Implode    399  45%  12-04-92  11:45  ./385/WKDIR/SEQ.H
   2132  Implode    839  61%  12-23-92  07:21  ./385/WKDIR/BUNCH.CC
   3700  Implode    998  74%  12-21-92  09:26  ./385/WKDIR/TEST.CC
   1063  Implode    437  59%  12-21-92  15:09  ./385/WKDIR/COMPLEX.CC
    533  Implode    337  37%  12-04-92  12:21  ./385/WKDIR/THING.H
     49  Stored      49   0%  12-04-92  11:36  ./385/WKDIR/COMPTHIN.CC
   1543  Implode    726  53%  12-04-92  12:12  ./385/WKDIR/UNSAFEAR.H
    173  Shrunk     151  13%  12-04-92  12:15  ./385/WKDIR/ERROR.CC
   3032  Implode    959  69%  12-12-92  12:21  ./385/WKDIR/SET.H
    777  Implode    407  48%  12-20-92  23:34  ./385/WKDIR/BUNCH.H
     41  Stored      41   0%  12-04-92  12:21  ./385/WKDIR/THING.CC
    349  Shrunk     243  31%  12-04-92  11:43  ./385/WKDIR/ORDBUNCH.H
   1139  Implode    369  68%  12-04-92  12:20  ./385/WKDIR/SAFEARRA.CC
    872  Implode    434  51%  12-20-92  13:49  ./385/WKDIR/CHARACTE.H
    361  Implode    263  28%  12-20-92  13:54  ./385/WKDIR/MAKE.XX
   1423  Implode    529  63%  12-23-92  07:24  ./385/WKDIR/PP.CC
    150  Implode     87  42%  03-25-93  19:27  ./385/WKDIR/.NSE
    744  Implode    406  46%  11-13-92  22:25  ./385/TEMP1/ARRAY.CC
    553  Implode    294  47%  11-13-92  22:25  ./385/TEMP1/AUTOARRA.CC
    135  Shrunk     119  12%  11-13-92  22:25  ./385/TEMP1/CHARACTE.CC
     61  Shrunk      59   4%  11-13-92  22:25  ./385/TEMP1/COMPARAB.CC
   1063  Implode    437  59%  11-13-92  22:25  ./385/TEMP1/COMPLEX.CC
     59  Shrunk      58   2%  11-13-92  22:25  ./385/TEMP1/EQUATABL.CC
    173  Shrunk     151  13%  11-13-92  22:25  ./385/TEMP1/ERROR.CC
   1139  Implode    369  68%  11-13-92  22:25  ./385/TEMP1/SAFEARRA.CC
   1987  Implode    745  63%  11-13-92  22:25  ./385/TEMP1/SEQUENCE.CC
   8349  Implode   2049  76%  11-23-92  18:21  ./385/TEMP1/ALL.CC
     41  Stored      41   0%  11-13-92  22:25  ./385/TEMP1/THING.CC
   1787  Implode    572  68%  11-13-92  22:25  ./385/TEMP1/UNSAFEAR.CC
    762  Implode    446  42%  11-13-92  22:26  ./385/TEMP1/ARRAY.H
    933  Implode    488  48%  11-13-92  22:26  ./385/TEMP1/AUTOARRA.H
    908  Implode    461  50%  11-13-92  22:26  ./385/TEMP1/CHARACTE.H
    583  Implode    303  49%  11-13-92  22:26  ./385/TEMP1/COMPARAB.H
    956  Implode    449  54%  11-13-92  22:26  ./385/TEMP1/COMPLEX.H
    381  Implode    267  30%  11-13-92  22:26  ./385/TEMP1/EQUATABL.H
     91  Shrunk      86   6%  11-13-92  22:26  ./385/TEMP1/ERROR.H
    104  Shrunk      99   5%  11-13-92  22:26  ./385/TEMP1/MYTYPES.H
   1298  Implode    546  58%  11-13-92  22:26  ./385/TEMP1/SAFEARRA.H
    830  Implode    421  50%  11-13-92  22:26  ./385/TEMP1/SEQUENCE.H
    533  Implode    337  37%  11-13-92  22:26  ./385/TEMP1/THING.H
   1543  Implode    726  53%  11-13-92  22:26  ./385/TEMP1/UNSAFEAR.H
   9856  Implode   2345  77%  11-23-92  18:01  ./385/TEMP1/ALL.H
   4411  Implode    590  87%  11-12-92  21:28  ./385/TEMP1/.MAK
   3510  Implode    949  73%  11-13-92  22:25  ./385/TEMP1/TEST.CCC
     76  Shrunk      67  12%  11-12-92  21:28  ./385/TEMP1/.NSE
   1448  Implode    768  47%  11-24-92  17:50  ./385/ASSIGNME.V2
    888  Stored     888   0%  01-30-95  17:03  ./385/CIS385.ZIP
 ------          ------  ---                                 -------
 156087           69569  56%                                      108 
