listing 1
String s = new String();

listing 2
char chars[] = { 'a', 'b', 'c' };
String s = new String(chars);

listing 3
char chars[] = { 'a', 'b', 'c', 'd', 'e', 'f' };
String s = new String(chars, 2, 3);

listing 4
// Construct one String from another.
class MakeString {
  public static void main(String args[]) {
    char c[] = {'J', 'a', 'v', 'a'};
    String s1 = new String(c);
    String s2 = new String(s1); 

    System.out.println(s1);
    System.out.println(s2);
  }
}

listing 5
// Construct string from subset of char array
// using 1.0 String constructors.
class SubStringCons {
  public static void main(String args[]) {
    byte ascii[] = {65, 66, 67, 68, 69, 70 };

    String s1 = new String(ascii, 0);
    System.out.println(s1);
    String s2 = new String(ascii, 0, 2, 3);
    System.out.println(s2);
  }
}

listing 6
// Construct string from subset of char array
// using 1.1 String constructors.
class SubStringCons {
  public static void main(String args[]) {
    byte ascii[] = {65, 66, 67, 68, 69, 70 };

    String s1 = new String(ascii);
    System.out.println(s1);

    String s2 = new String(ascii, 2, 3);
    System.out.println(s2);
  }
}

listing 7
char chars[] = { 'a', 'b', 'c' };
String s = new String(chars);
System.out.println(s.length());

listing 8
char chars[] = { 'a', 'b', 'c' };
String s1 = new String(chars);

String s2 = "abc"; // use string literal

listing 9
System.out.println("abc".length());

listing 10
String age = "9";
String s = "He is " + age + " years old.";
System.out.println(s);

listing 11
// Using concatenation to prevent long lines.
class ConCat {
  public static void main(String args[]) {
    String longStr = "This could have been " +
      "a very long line that would have " +
      "wrapped around.  But string concatenation " +
      "prevents this.";

    System.out.println(longStr);
  }
}

listing 12
int age = 9;
String s = "He is " + age + " years old.";
System.out.println(s);

listing 13
String s = "four: " + 2 + 2;
System.out.println(s);

listing 14
String s = "four: " + (2 + 2);

listing 15
// Override toString() for Box class.
class Box {
  double width;
  double height;
  double depth;

  Box(double w, double h, double d) {
    width = w;
    height = h;
    depth = d;
  }

  public String toString() {
    return "Dimensions are " + width + " by " + 
            depth + " by " + height + ".";
  }
}

class toStringDemo {
  public static void main(String args[]) {
    Box b = new Box(10, 12, 14);
    String s = "Box b: " + b; // concatenate Box object

    System.out.println(b); // convert Box to string
    System.out.println(s);
  }
}

listing 16
char ch;
ch = "abc".charAt(1);

listing 17
class getCharsDemo {
  public static void main(String args[]) {
    String s = "This is a demo of the getChars method.";
    int start = 10;
    int end = 14;
    char buf[] = new char[end - start];

    s.getChars(start, end, buf, 0);
    System.out.println(buf);
  }
}

listing 18
// Demonstrate equals() and equalsIgnoreCase().
class equalsDemo {
  public static void main(String args[]) {
    String s1 = "Hello";
    String s2 = "Hello";
    String s3 = "Good-bye";
    String s4 = "HELLO";
    System.out.println(s1 + " equals " + s2 + " -> " +
                       s1.equals(s2));
    System.out.println(s1 + " equals " + s3 + " -> " +
                       s1.equals(s3));
    System.out.println(s1 + " equals " + s4 + " -> " +
                       s1.equals(s4));
    System.out.println(s1 + " equalsIgnoreCase " + s4 + " -> " +
                       s1.equalsIgnoreCase(s4));
  }
}

listing 19
// equals() vs ==
class EqualsNotEqualTo {
  public static void main(String args[]) {
    String s1 = "Hello";
    String s2 = new String(s1);

    System.out.println(s1 + " equals " + s2 + " -> " + s1.equals(s2));
    System.out.println(s1 + " == " + s2 + " -> " + (s1 == s2));
  }
}

listing 20
// A bubble sort for Strings.
class SortString {
  static String arr[] = {
    "Now", "is", "the", "time", "for", "all", "good", "men",
    "to", "come", "to", "the", "aid", "of", "their", "country"
  };
  public static void main(String args[]) {
    for(int j = 0; j < arr.length; j++) {
      for(int i = j + 1; i < arr.length; i++) {
        if(arr[i].compareTo(arr[j]) < 0) {
          String t = arr[j];
          arr[j] = arr[i];
          arr[i] = t;
        }
      }
      System.out.println(arr[j]);
    }
  }
}

listing 21
// Demonstrate indexOf() and lastIndexOf().
class indexOfDemo {
  public static void main(String args[]) {
    String s = "Now is the time for all good men " +
               "to come to the aid of their country.";

    System.out.println(s);
    System.out.println("indexOf(t) = " +
                       s.indexOf('t'));
    System.out.println("lastIndexOf(t) = " +
                       s.lastIndexOf('t'));
    System.out.println("indexOf(the) = " +
                       s.indexOf("the"));
    System.out.println("lastIndexOf(the) = " +
                       s.lastIndexOf("the"));
    System.out.println("indexOf(t, 10) = " +
                       s.indexOf('t', 10));
    System.out.println("lastIndexOf(t, 60) = " +
                       s.lastIndexOf('t', 60));
    System.out.println("indexOf(the, 10) = " +
                       s.indexOf("the", 10));
    System.out.println("lastIndexOf(the, 60) = " +
                       s.lastIndexOf("the", 60));
  }
}

listing 22
// Substring replacement.
class StringReplace {
  public static void main(String args[]) {
    String org = "This is a test. This is, too.";
    String search = "is";
    String sub = "was";
    String result = "";
    int i;

    do { // replace all matching substrings
      System.out.println(org);
      i = org.indexOf(search);
      if(i != -1) {
        result = org.substring(0, i);
        result = result + sub;
        result = result + org.substring(i + search.length());
        org = result;
      }
    } while(i != -1);

  }
}

listing 23
String s1 = "one";
String s2 = s1.concat("two");

listing 24
String s1 = "one";
String s2 = s1 + "two";

listing 25
String s = "Hello".replace('l', 'w');

listing 26
String s = "   Hello World    ".trim();

listing 27
// Using trim() to process commands.
import java.io.*;

class UseTrim {
  public static void main(String args[]) 
    throws IOException
  {
    // create a BufferedReader using System.in
    BufferedReader br = new
      BufferedReader(new InputStreamReader(System.in));
    String str;

    System.out.println("Enter 'stop' to quit.");
    System.out.println("Enter State: ");
    do {
      str = br.readLine();
      str = str.trim(); // remove whitespace

      if(str.equals("Illinois"))
        System.out.println("Capital is Springfield.");
      else if(str.equals("Missouri"))
        System.out.println("Capital is Jefferson City.");
      else if(str.equals("California"))
        System.out.println("Capital is Sacramento.");
      else if(str.equals("Washington"))
        System.out.println("Capital is Olympia.");
      // ... 
    } while(!str.equals("stop"));
  }
}

listing 28
// Demonstrate toUpperCase() and toLowerCase().

class ChangeCase {
  public static void main(String args[]) 
  {
    String s = "This is a test.";

    System.out.println("Original: " + s);

    String upper = s.toUpperCase();
    String lower = s.toLowerCase();

    System.out.println("Uppercase: " + upper);
    System.out.println("Lowercase: " + lower);
  }
}

listing 29
// StringBuffer length vs. capacity.
class StringBufferDemo {
  public static void main(String args[]) {
    StringBuffer sb = new StringBuffer("Hello");

    System.out.println("buffer = " + sb);
    System.out.println("length = " + sb.length());
    System.out.println("capacity = " + sb.capacity());
  }
}

listing 30
// Demonstrate charAt() and setCharAt().
class setCharAtDemo {
  public static void main(String args[]) {
    StringBuffer sb = new StringBuffer("Hello");
    System.out.println("buffer before = " + sb);
    System.out.println("charAt(1) before = " + sb.charAt(1));
      sb.setCharAt(1, 'i');
      sb.setLength(2);
      System.out.println("buffer after = " + sb);
      System.out.println("charAt(1) after = " + sb.charAt(1));
  }
}

listing 31
// Demonstrate append().
class appendDemo {
  public static void main(String args[]) {
    String s;
    int a = 42;
    StringBuffer sb = new StringBuffer(40);

    s = sb.append("a = ").append(a).append("!").toString();
    System.out.println(s);
  }
}

listing 32
// Demonstrate insert().
class insertDemo {
  public static void main(String args[]) {
    StringBuffer sb = new StringBuffer("I Java!");

    sb.insert(2, "like ");
    System.out.println(sb);
  }
}

listing 33
// Using reverse() to reverse a StringBuffer.
class ReverseDemo {
  public static void main(String args[]) {
    StringBuffer s = new StringBuffer("abcdef");

    System.out.println(s);
    s.reverse();
    System.out.println(s);
  }
}

